<?xml version="1.0" encoding="UTF-8"?>
<!-- Generated by org.testng.reporters.JUnitReportReporter -->
<testsuite hostname="LAPTOP-A6EPA854" name="Testcases.LoginTestCases" tests="1" failures="0" timestamp="18 May 2021 14:01:19 GMT" time="11.636" errors="0">
  <testcase name="loginTest" time="11.636" classname="Testcases.LoginTestCases"/>
</testsuite> <!-- Testcases.LoginTestCases -->
