<?xml version="1.0" encoding="UTF-8"?>
<!-- Generated by org.testng.reporters.JUnitReportReporter -->
<testsuite hostname="LAPTOP-A6EPA854" name="ExtentReport.MyExtentReport" tests="2" failures="0" timestamp="18 May 2021 09:22:40 GMT" time="0.016" errors="0">
  <testcase name="PassTest" time="0.005" classname="ExtentReport.MyExtentReport"/>
  <testcase name="FailTest" time="0.011" classname="ExtentReport.MyExtentReport"/>
</testsuite> <!-- ExtentReport.MyExtentReport -->
