<?xml version="1.0" encoding="UTF-8"?>
<!-- Generated by org.testng.reporters.JUnitReportReporter -->
<testsuite hostname="LAPTOP-A6EPA854" name="ExtentReport.ExtentReportMy" tests="1" failures="0" timestamp="18 May 2021 07:30:37 GMT" time="0.009" errors="0">
  <testcase name="Test" time="0.009" classname="ExtentReport.ExtentReportMy"/>
</testsuite> <!-- ExtentReport.ExtentReportMy -->
