<?xml version="1.0" encoding="UTF-8"?>
<!-- Generated by org.testng.reporters.JUnitReportReporter -->
<testsuite hostname="LAPTOP-A6EPA854" name="Testcases.LogoutTest" tests="1" failures="0" timestamp="19 May 2021 10:50:17 GMT" time="4.857" errors="0">
  <testcase name="logoutmessagetest" time="4.857" classname="Testcases.LogoutTest"/>
</testsuite> <!-- Testcases.LogoutTest -->
