<?xml version="1.0" encoding="UTF-8"?>
<!-- Generated by org.testng.reporters.JUnitReportReporter -->
<testsuite hostname="LAPTOP-A6EPA854" name="Testcases.OperatorTest" tests="3" failures="0" timestamp="19 May 2021 10:50:17 GMT" time="14.571" errors="0">
  <testcase name="ReadOperatorListTableTest" time="4.857" classname="Testcases.OperatorTest"/>
  <testcase name="Operators_ListTest" time="5.414" classname="Testcases.OperatorTest"/>
  <testcase name="OperatorsHeadingTest" time="4.300" classname="Testcases.OperatorTest"/>
</testsuite> <!-- Testcases.OperatorTest -->
